<?xml version="1.0" encoding="utf-8"?><testsuites name="pytest tests"><testsuite name="pytest" errors="0" failures="0" skipped="0" tests="10" time="4.431" timestamp="2026-05-04T18:19:50.473254+00:00" hostname="agent-env-af67ee84-6500-45db-9403-c5a9d8ddec2b"><testcase classname="backend.tests.backend_test.TestHealth" name="test_root" time="0.576" /><testcase classname="backend.tests.backend_test.TestHealth" name="test_health" time="0.137" /><testcase classname="backend.tests.backend_test.TestPartialLead" name="test_partial_email_creates" time="0.564" /><testcase classname="backend.tests.backend_test.TestPartialLead" name="test_partial_phone_creates" time="0.167" /><testcase classname="backend.tests.backend_test.TestPartialLead" name="test_partial_invalid_returns_400" time="0.375" /><testcase classname="backend.tests.backend_test.TestPartialLead" name="test_partial_dedupe_same_email" time="0.387" /><testcase classname="backend.tests.backend_test.TestFullLead" name="test_submit_creates_new" time="0.632" /><testcase classname="backend.tests.backend_test.TestFullLead" name="test_submit_upgrades_partial" time="0.778" /><testcase classname="backend.tests.backend_test.TestListLeads" name="test_list_shape_and_no_internal_fields" time="0.123" /><testcase classname="backend.tests.backend_test.TestListLeads" name="test_list_newest_first" time="0.564" /></testsuite></testsuites>